<?xml version="1.0" encoding="UTF-8"?>
<!-- Generated by org.testng.reporters.JUnitReportReporter -->
<testsuite hostname="EdgarH-547" failures="0" tests="1" name="com.inetBanking.testCases.TC_LoginTest_001" time="1.685" errors="0" timestamp="26 May 2021 13:18:53 GMT" skipped="0">
  <testcase classname="com.inetBanking.testCases.TC_LoginTest_001" name="LoginTest" time="1.685"/>
</testsuite> <!-- com.inetBanking.testCases.TC_LoginTest_001 -->
