<?xml version="1.0" encoding="UTF-8"?>
<!-- Generated by org.testng.reporters.JUnitReportReporter -->
<testsuite skipped="0" hostname="EdgarH-547" name="com.inetBanking.testCases.TC_LoginTest_001" tests="1" failures="0" timestamp="04 Jun 2021 08:31:51 GMT" time="43.656" errors="0">
  <testcase name="LoginTest" time="43.656" classname="com.inetBanking.testCases.TC_LoginTest_001"/>
</testsuite> <!-- com.inetBanking.testCases.TC_LoginTest_001 -->
